<?xml version="1.0" encoding="UTF-8"?>
<testsuite xmlns:xsi="http://www.w3.org/2001/XMLSchema-instance" xsi:noNamespaceSchemaLocation="https://maven.apache.org/surefire/maven-surefire-plugin/xsd/surefire-test-report.xsd" version="3.0.2" name="com.cloud_in_backend.cloud_in_backend.CloudInBackendApplicationTests" time="4.705" tests="1" errors="0" skipped="0" failures="0">
  <properties>
[...]
</properties>
  <testcase name="contextLoads" classname="com.cloud_in_backend.cloud_in_backend.CloudInBackendApplicationTests" time="0.842">
    <system-out><![CDATA[Standard Commons Logging discovery in action with spring-jcl: please remove commons-logging.jar from classpath in order to avoid potential conflicts
23:17:47.856 [main] INFO org.springframework.test.context.support.AnnotationConfigContextLoaderUtils -- Could not detect default configuration classes for test class [com.cloud_in_backend.cloud_in_backend.CloudInBackendApplicationTests]: CloudInBackendApplicationTests does not declare any static, non-private, non-final, nested classes annotated with @Configuration.
23:17:48.025 [main] INFO org.springframework.boot.test.context.SpringBootTestContextBootstrapper -- Found @SpringBootConfiguration com.cloud_in_backend.cloud_in_backend.CloudInBackendApplication for test class com.cloud_in_backend.cloud_in_backend.CloudInBackendApplicationTests

  .   ____          _            __ _ _
 /\\ / ___'_ __ _ _(_)_ __  __ _ \ \ \ \
( ( )\___ | '_ | '_| | '_ \/ _` | \ \ \ \
 \\/  ___)| |_)| | | | | || (_| |  ) ) ) )
  '  |____| .__|_| |_|_| |_\__, | / / / /
 =========|_|==============|___/=/_/_/_/

 :: Spring Boot ::                (v3.5.0)

2025-07-24T23:17:48.626+05:30  INFO 21616 --- [cloud_in_backend] [           main] c.c.c.CloudInBackendApplicationTests     : Starting CloudInBackendApplicationTests using Java 21.0.7 with PID 21616 (started by harsh in D:\Projects\cloud_in\cloud_in_backend)
2025-07-24T23:17:48.629+05:30  INFO 21616 --- [cloud_in_backend] [           main] c.c.c.CloudInBackendApplicationTests     : No active profile set, falling back to 1 default profile: "default"
2025-07-24T23:17:49.423+05:30  INFO 21616 --- [cloud_in_backend] [           main] .s.d.r.c.RepositoryConfigurationDelegate : Bootstrapping Spring Data MongoDB repositories in DEFAULT mode.
2025-07-24T23:17:49.491+05:30  INFO 21616 --- [cloud_in_backend] [           main] .s.d.r.c.RepositoryConfigurationDelegate : Finished Spring Data repository scanning in 59 ms. Found 1 MongoDB repository interface.
2025-07-24T23:17:50.264+05:30  INFO 21616 --- [cloud_in_backend] [           main] org.mongodb.driver.client                : MongoClient with metadata {"driver": {"name": "mongo-java-driver|sync|spring-boot", "version": "5.4.0"}, "os": {"type": "Windows", "name": "Windows 11", "architecture": "amd64", "version": "10.0"}, "platform": "Java/Eclipse Adoptium/21.0.7+6-LTS"} created with settings MongoClientSettings{readPreference=primary, writeConcern=WriteConcern{w=majority, wTimeout=null ms, journal=null}, retryWrites=true, retryReads=true, readConcern=ReadConcern{level=null}, credential=MongoCredential{mechanism=null, userName='swarnakarharshendu', source='admin', password=<hidden>, mechanismProperties=<hidden>}, transportSettings=null, commandListeners=[], codecRegistry=ProvidersCodecRegistry{codecProviders=[ValueCodecProvider{}, BsonValueCodecProvider{}, DBRefCodecProvider{}, DBObjectCodecProvider{}, DocumentCodecProvider{}, CollectionCodecProvider{}, IterableCodecProvider{}, MapCodecProvider{}, GeoJsonCodecProvider{}, GridFSFileCodecProvider{}, Jsr310CodecProvider{}, JsonObjectCodecProvider{}, BsonCodecProvider{}, EnumCodecProvider{}, com.mongodb.client.model.mql.ExpressionCodecProvider@2272cbb0, com.mongodb.Jep395RecordCodecProvider@3f6f3cc, com.mongodb.KotlinCodecProvider@180b3819]}, loggerSettings=LoggerSettings{maxDocumentLength=1000}, clusterSettings={hosts=[127.0.0.1:27017], srvHost=cluster0.sdmds.mongodb.net, srvServiceName=mongodb, mode=MULTIPLE, requiredClusterType=REPLICA_SET, requiredReplicaSetName='atlas-rtmwkh-shard-0', serverSelector='null', clusterListeners='[]', serverSelectionTimeout='30000 ms', localThreshold='15 ms'}, socketSettings=SocketSettings{connectTimeoutMS=10000, readTimeoutMS=0, receiveBufferSize=0, proxySettings=ProxySettings{host=null, port=null, username=null, password=null}}, heartbeatSocketSettings=SocketSettings{connectTimeoutMS=10000, readTimeoutMS=10000, receiveBufferSize=0, proxySettings=ProxySettings{host=null, port=null, username=null, password=null}}, connectionPoolSettings=ConnectionPoolSettings{maxSize=100, minSize=0, maxWaitTimeMS=120000, maxConnectionLifeTimeMS=0, maxConnectionIdleTimeMS=0, maintenanceInitialDelayMS=0, maintenanceFrequencyMS=60000, connectionPoolListeners=[], maxConnecting=2}, serverSettings=ServerSettings{heartbeatFrequencyMS=10000, minHeartbeatFrequencyMS=500, serverMonitoringMode=AUTO, serverListeners='[]', serverMonitorListeners='[]'}, sslSettings=SslSettings{enabled=true, invalidHostNameAllowed=false, context=null}, applicationName='null', compressorList=[], uuidRepresentation=JAVA_LEGACY, serverApi=null, autoEncryptionSettings=null, dnsClient=null, inetAddressResolver=null, contextProvider=null, timeoutMS=null}
2025-07-24T23:17:50.457+05:30  INFO 21616 --- [cloud_in_backend] [mds.mongodb.net] org.mongodb.driver.cluster               : Adding discovered server cluster0-shard-00-01.sdmds.mongodb.net:27017 to client view of cluster
2025-07-24T23:17:50.491+05:30  INFO 21616 --- [cloud_in_backend] [mds.mongodb.net] org.mongodb.driver.cluster               : Adding discovered server cluster0-shard-00-00.sdmds.mongodb.net:27017 to client view of cluster
2025-07-24T23:17:50.493+05:30  INFO 21616 --- [cloud_in_backend] [mds.mongodb.net] org.mongodb.driver.cluster               : Adding discovered server cluster0-shard-00-02.sdmds.mongodb.net:27017 to client view of cluster
2025-07-24T23:17:50.544+05:30  WARN 21616 --- [cloud_in_backend] [           main] o.s.data.convert.CustomConversions       : Registering converter from interface java.util.List to interface org.springframework.data.domain.Vector as reading converter although it doesn't convert from a store-supported type; You might want to check your annotation setup at the converter implementation
2025-07-24T23:17:50.663+05:30  WARN 21616 --- [cloud_in_backend] [           main] o.s.data.convert.CustomConversions       : Registering converter from interface java.util.List to interface org.springframework.data.domain.Vector as reading converter although it doesn't convert from a store-supported type; You might want to check your annotation setup at the converter implementation
2025-07-24T23:17:51.405+05:30  INFO 21616 --- [cloud_in_backend] [ngodb.net:27017] org.mongodb.driver.cluster               : Monitor thread successfully connected to server with description ServerDescription{address=cluster0-shard-00-01.sdmds.mongodb.net:27017, type=REPLICA_SET_SECONDARY, cryptd=false, state=CONNECTED, ok=true, minWireVersion=0, maxWireVersion=25, maxDocumentSize=16777216, logicalSessionTimeoutMinutes=30, roundTripTimeNanos=508068200, minRoundTripTimeNanos=0, setName='atlas-rtmwkh-shard-0', canonicalAddress=cluster0-shard-00-01.sdmds.mongodb.net:27017, hosts=[cluster0-shard-00-02.sdmds.mongodb.net:27017, cluster0-shard-00-01.sdmds.mongodb.net:27017, cluster0-shard-00-00.sdmds.mongodb.net:27017], passives=[], arbiters=[], primary='cluster0-shard-00-02.sdmds.mongodb.net:27017', tagSet=TagSet{[Tag{name='availabilityZone', value='aps1-az3'}, Tag{name='diskState', value='READY'}, Tag{name='nodeType', value='ELECTABLE'}, Tag{name='provider', value='AWS'}, Tag{name='region', value='AP_SOUTH_1'}, Tag{name='workloadType', value='OPERATIONAL'}]}, electionId=null, setVersion=371, topologyVersion=TopologyVersion{processId=687a9727eacf58f3e0366288, counter=3}, lastWriteDate=Thu Jul 24 23:17:51 IST 2025, lastUpdateTimeNanos=293749233692200}
2025-07-24T23:17:51.408+05:30  INFO 21616 --- [cloud_in_backend] [ngodb.net:27017] org.mongodb.driver.cluster               : Monitor thread successfully connected to server with description ServerDescription{address=cluster0-shard-00-00.sdmds.mongodb.net:27017, type=REPLICA_SET_SECONDARY, cryptd=false, state=CONNECTED, ok=true, minWireVersion=0, maxWireVersion=25, maxDocumentSize=16777216, logicalSessionTimeoutMinutes=30, roundTripTimeNanos=508887300, minRoundTripTimeNanos=0, setName='atlas-rtmwkh-shard-0', canonicalAddress=cluster0-shard-00-00.sdmds.mongodb.net:27017, hosts=[cluster0-shard-00-02.sdmds.mongodb.net:27017, cluster0-shard-00-01.sdmds.mongodb.net:27017, cluster0-shard-00-00.sdmds.mongodb.net:27017], passives=[], arbiters=[], primary='cluster0-shard-00-02.sdmds.mongodb.net:27017', tagSet=TagSet{[Tag{name='availabilityZone', value='aps1-az1'}, Tag{name='diskState', value='READY'}, Tag{name='nodeType', value='ELECTABLE'}, Tag{name='provider', value='AWS'}, Tag{name='region', value='AP_SOUTH_1'}, Tag{name='workloadType', value='OPERATIONAL'}]}, electionId=null, setVersion=371, topologyVersion=TopologyVersion{processId=687a956c16e157a2498a903a, counter=4}, lastWriteDate=Thu Jul 24 23:17:51 GMT+05:30 2025, lastUpdateTimeNanos=293749233692200}
2025-07-24T23:17:51.408+05:30  INFO 21616 --- [cloud_in_backend] [ngodb.net:27017] org.mongodb.driver.cluster               : Monitor thread successfully connected to server with description ServerDescription{address=cluster0-shard-00-02.sdmds.mongodb.net:27017, type=REPLICA_SET_PRIMARY, cryptd=false, state=CONNECTED, ok=true, minWireVersion=0, maxWireVersion=25, maxDocumentSize=16777216, logicalSessionTimeoutMinutes=30, roundTripTimeNanos=508890900, minRoundTripTimeNanos=0, setName='atlas-rtmwkh-shard-0', canonicalAddress=cluster0-shard-00-02.sdmds.mongodb.net:27017, hosts=[cluster0-shard-00-02.sdmds.mongodb.net:27017, cluster0-shard-00-01.sdmds.mongodb.net:27017, cluster0-shard-00-00.sdmds.mongodb.net:27017], passives=[], arbiters=[], primary='cluster0-shard-00-02.sdmds.mongodb.net:27017', tagSet=TagSet{[Tag{name='availabilityZone', value='aps1-az2'}, Tag{name='diskState', value='READY'}, Tag{name='nodeType', value='ELECTABLE'}, Tag{name='provider', value='AWS'}, Tag{name='region', value='AP_SOUTH_1'}, Tag{name='workloadType', value='OPERATIONAL'}]}, electionId=7fffffff000000000000014d, setVersion=371, topologyVersion=TopologyVersion{processId=687a949792b5456ad837b9f4, counter=6}, lastWriteDate=Thu Jul 24 23:17:51 GMT+05:30 2025, lastUpdateTimeNanos=293749233692200}
2025-07-24T23:17:51.411+05:30  INFO 21616 --- [cloud_in_backend] [ngodb.net:27017] org.mongodb.driver.cluster               : Discovered replica set primary cluster0-shard-00-02.sdmds.mongodb.net:27017 with max election id 7fffffff000000000000014d and max set version 371
2025-07-24T23:17:51.500+05:30  INFO 21616 --- [cloud_in_backend] [           main] c.c.c.CloudInBackendApplicationTests     : Started CloudInBackendApplicationTests in 3.253 seconds (process running for 4.891)
]]></system-out>
    <system-err><![CDATA[Mockito is currently self-attaching to enable the inline-mock-maker. This will no longer work in future releases of the JDK. Please add Mockito as an agent to your build as described in Mockito's documentation: https://javadoc.io/doc/org.mockito/mockito-core/latest/org.mockito/org/mockito/Mockito.html#0.3
WARNING: A Java agent has been loaded dynamically (C:\Users\harsh\.m2\repository\net\bytebuddy\byte-buddy-agent\1.17.5\byte-buddy-agent-1.17.5.jar)
WARNING: If a serviceability tool is in use, please run with -XX:+EnableDynamicAgentLoading to hide this warning
WARNING: If a serviceability tool is not in use, please run with -Djdk.instrument.traceUsage for more information
WARNING: Dynamic loading of agents will be disallowed by default in a future release
]]></system-err>
  </testcase>
</testsuite>